<?xml version="1.0" encoding="UTF-8"?>
<!-- Generated by org.testng.reporters.JUnitXMLReporter -->
<testsuite ignored="14" hostname="sohi" failures="0" tests="1" name="Default test" time="7.822" errors="0" timestamp="2023-09-07T13:22:22 EDT">
  <testcase classname="testlayer.YourAddressModuleTest" name="AddressSuggestion" time="1.762"/>
  <testcase classname="testlayer.YourAddressModuleTest" name="InvalidProvince" time="0.0">
    <ignored/>
  </testcase> <!-- InvalidProvince -->
  <testcase classname="testlayer.YourAddressModuleTest" name="iYourAddressTittleDisplayed" time="0.0">
    <ignored/>
  </testcase> <!-- iYourAddressTittleDisplayed -->
  <testcase classname="testlayer.YourAddressModuleTest" name="InvalidCity" time="0.0">
    <ignored/>
  </testcase> <!-- InvalidCity -->
  <testcase classname="testlayer.YourAddressModuleTest" name="AddDeliverInstructions" time="0.0">
    <ignored/>
  </testcase> <!-- AddDeliverInstructions -->
  <testcase classname="testlayer.YourAddressModuleTest" name="EmptyPhoneNumber" time="0.0">
    <ignored/>
  </testcase> <!-- EmptyPhoneNumber -->
  <testcase classname="testlayer.YourAddressModuleTest" name="EmptyFullName" time="0.0">
    <ignored/>
  </testcase> <!-- EmptyFullName -->
  <testcase classname="testlayer.YourAddressModuleTest" name="AutoselectedCountry" time="0.0">
    <ignored/>
  </testcase> <!-- AutoselectedCountry -->
  <testcase classname="testlayer.YourAddressModuleTest" name="ISAddAddressOptionDisplayed" time="0.0">
    <ignored/>
  </testcase> <!-- ISAddAddressOptionDisplayed -->
  <testcase classname="testlayer.YourAddressModuleTest" name="DefaultAddress" time="0.0">
    <ignored/>
  </testcase> <!-- DefaultAddress -->
  <testcase classname="testlayer.YourAddressModuleTest" name="PartialPostalCode" time="0.0">
    <ignored/>
  </testcase> <!-- PartialPostalCode -->
  <testcase classname="testlayer.YourAddressModuleTest" name="DefaultAddress2ndOption" time="0.0">
    <ignored/>
  </testcase> <!-- DefaultAddress2ndOption -->
  <testcase classname="testlayer.YourAddressModuleTest" name="AddressSave" time="0.0">
    <ignored/>
  </testcase> <!-- AddressSave -->
  <testcase classname="testlayer.YourAddressModuleTest" name="EmptyAddressLine1" time="0.0">
    <ignored/>
  </testcase> <!-- EmptyAddressLine1 -->
  <testcase classname="testlayer.YourAddressModuleTest" name="partialPhoneNumber" time="0.0">
    <ignored/>
  </testcase> <!-- partialPhoneNumber -->
</testsuite> <!-- Default test -->
